total 865K
-rw-r--r--. 1 adewit zh  154 May  5 15:13 GeometryDB_cff.py
-rw-rw-r--. 1 adewit zh  354 May  7 17:27 GeometryDB_cff.pyc
-rw-r--r--. 1 adewit zh 2.2K May 10 08:32 GeometryDD4hepExtended2021FlatMinus05PercentReco_cff.py
-rw-rw-r--. 1 adewit zh 2.1K May  7 17:27 GeometryDD4hepExtended2021FlatMinus05PercentReco_cff.pyc
-rw-r--r--. 1 adewit zh  727 May 10 08:32 GeometryDD4hepExtended2021FlatMinus05Percent_cff.py
-rw-rw-r--. 1 adewit zh  837 May  7 17:27 GeometryDD4hepExtended2021FlatMinus05Percent_cff.pyc
-rw-r--r--. 1 adewit zh 2.2K May 10 08:32 GeometryDD4hepExtended2021FlatMinus10PercentReco_cff.py
-rw-rw-r--. 1 adewit zh 2.1K May  7 17:27 GeometryDD4hepExtended2021FlatMinus10PercentReco_cff.pyc
-rw-r--r--. 1 adewit zh  727 May 10 08:32 GeometryDD4hepExtended2021FlatMinus10Percent_cff.py
-rw-rw-r--. 1 adewit zh  837 May  7 17:27 GeometryDD4hepExtended2021FlatMinus10Percent_cff.pyc
-rw-r--r--. 1 adewit zh 2.2K May 10 08:32 GeometryDD4hepExtended2021FlatPlus05PercentReco_cff.py
-rw-rw-r--. 1 adewit zh 2.1K May  7 17:27 GeometryDD4hepExtended2021FlatPlus05PercentReco_cff.pyc
-rw-r--r--. 1 adewit zh  726 May 10 08:32 GeometryDD4hepExtended2021FlatPlus05Percent_cff.py
-rw-rw-r--. 1 adewit zh  835 May  7 17:27 GeometryDD4hepExtended2021FlatPlus05Percent_cff.pyc
-rw-r--r--. 1 adewit zh 2.2K May 10 08:32 GeometryDD4hepExtended2021FlatPlus10PercentReco_cff.py
-rw-rw-r--. 1 adewit zh 2.1K May  7 17:27 GeometryDD4hepExtended2021FlatPlus10PercentReco_cff.pyc
-rw-r--r--. 1 adewit zh  726 May 10 08:32 GeometryDD4hepExtended2021FlatPlus10Percent_cff.py
-rw-rw-r--. 1 adewit zh  835 May  7 17:27 GeometryDD4hepExtended2021FlatPlus10Percent_cff.pyc
-rw-r--r--. 1 adewit zh 2.2K May 10 08:32 GeometryDD4hepExtended2021Reco_cff.py
-rw-rw-r--. 1 adewit zh 2.1K May  7 17:27 GeometryDD4hepExtended2021Reco_cff.pyc
-rw-r--r--. 1 adewit zh 2.2K May 10 08:32 GeometryDD4hepExtended2021ZeroMaterialReco_cff.py
-rw-rw-r--. 1 adewit zh 2.1K May  7 17:27 GeometryDD4hepExtended2021ZeroMaterialReco_cff.pyc
-rw-r--r--. 1 adewit zh  721 May 10 08:32 GeometryDD4hepExtended2021ZeroMaterial_cff.py
-rw-rw-r--. 1 adewit zh  825 May  7 17:27 GeometryDD4hepExtended2021ZeroMaterial_cff.pyc
-rw-r--r--. 1 adewit zh  709 May 10 08:32 GeometryDD4hepExtended2021_cff.py
-rw-rw-r--. 1 adewit zh  801 May  7 17:27 GeometryDD4hepExtended2021_cff.pyc
-rw-r--r--. 1 adewit zh 2.7K May  5 15:13 GeometryDD4hepExtended2026D49Reco_cff.py
-rw-rw-r--. 1 adewit zh 2.7K May  7 17:27 GeometryDD4hepExtended2026D49Reco_cff.pyc
-rw-r--r--. 1 adewit zh  924 May  5 15:13 GeometryDD4hepExtended2026D49_cff.py
-rw-rw-r--. 1 adewit zh 1.1K May  7 17:27 GeometryDD4hepExtended2026D49_cff.pyc
-rw-r--r--. 1 adewit zh 2.9K May  5 15:13 GeometryDD4hepExtended2026D60Reco_cff.py
-rw-rw-r--. 1 adewit zh 2.9K May  7 17:27 GeometryDD4hepExtended2026D60Reco_cff.pyc
-rw-r--r--. 1 adewit zh 1.1K May  5 15:13 GeometryDD4hepExtended2026D60_cff.py
-rw-rw-r--. 1 adewit zh 1.2K May  7 17:27 GeometryDD4hepExtended2026D60_cff.pyc
-rw-r--r--. 1 adewit zh 2.7K May  5 15:13 GeometryDD4hepExtended2026D68Reco_cff.py
-rw-rw-r--. 1 adewit zh 2.7K May  7 17:27 GeometryDD4hepExtended2026D68Reco_cff.pyc
-rw-r--r--. 1 adewit zh  924 May  5 15:13 GeometryDD4hepExtended2026D68_cff.py
-rw-rw-r--. 1 adewit zh 1.1K May  7 17:27 GeometryDD4hepExtended2026D68_cff.pyc
-rw-r--r--. 1 adewit zh 2.7K May  5 15:13 GeometryDD4hepExtended2026D70Reco_cff.py
-rw-rw-r--. 1 adewit zh 2.7K May  7 17:27 GeometryDD4hepExtended2026D70Reco_cff.pyc
-rw-r--r--. 1 adewit zh  924 May  5 15:13 GeometryDD4hepExtended2026D70_cff.py
-rw-rw-r--. 1 adewit zh 1.1K May  7 17:27 GeometryDD4hepExtended2026D70_cff.pyc
-rw-r--r--. 1 adewit zh 2.7K May  5 15:13 GeometryDD4hepExtended2026D76Reco_cff.py
-rw-rw-r--. 1 adewit zh 2.6K May  7 17:27 GeometryDD4hepExtended2026D76Reco_cff.pyc
-rw-r--r--. 1 adewit zh  924 May  5 15:13 GeometryDD4hepExtended2026D76_cff.py
-rw-rw-r--. 1 adewit zh 1.1K May  7 17:27 GeometryDD4hepExtended2026D76_cff.pyc
-rw-r--r--. 1 adewit zh 2.7K May  5 15:13 GeometryDD4hepExtended2026D77Reco_cff.py
-rw-rw-r--. 1 adewit zh 2.6K May  7 17:27 GeometryDD4hepExtended2026D77Reco_cff.pyc
-rw-r--r--. 1 adewit zh  924 May  5 15:13 GeometryDD4hepExtended2026D77_cff.py
-rw-rw-r--. 1 adewit zh 1.1K May  7 17:27 GeometryDD4hepExtended2026D77_cff.pyc
-rw-r--r--. 1 adewit zh 2.7K May  5 15:13 GeometryDD4hepExtended2026D78Reco_cff.py
-rw-rw-r--. 1 adewit zh 2.6K May  7 17:27 GeometryDD4hepExtended2026D78Reco_cff.pyc
-rw-r--r--. 1 adewit zh  924 May  5 15:13 GeometryDD4hepExtended2026D78_cff.py
-rw-rw-r--. 1 adewit zh 1.1K May  7 17:27 GeometryDD4hepExtended2026D78_cff.pyc
-rw-r--r--. 1 adewit zh 2.7K May  5 15:13 GeometryDD4hepExtended2026D79Reco_cff.py
-rw-rw-r--. 1 adewit zh 2.6K May  7 17:27 GeometryDD4hepExtended2026D79Reco_cff.pyc
-rw-r--r--. 1 adewit zh  924 May  5 15:13 GeometryDD4hepExtended2026D79_cff.py
-rw-rw-r--. 1 adewit zh 1.1K May  7 17:27 GeometryDD4hepExtended2026D79_cff.pyc
-rw-r--r--. 1 adewit zh 2.7K May  5 15:13 GeometryDD4hepExtended2026D80Reco_cff.py
-rw-rw-r--. 1 adewit zh 2.6K May  7 17:27 GeometryDD4hepExtended2026D80Reco_cff.pyc
-rw-r--r--. 1 adewit zh  924 May  5 15:13 GeometryDD4hepExtended2026D80_cff.py
-rw-rw-r--. 1 adewit zh 1.1K May  7 17:27 GeometryDD4hepExtended2026D80_cff.pyc
-rw-r--r--. 1 adewit zh 2.7K May  5 15:13 GeometryDD4hepExtended2026D81Reco_cff.py
-rw-rw-r--. 1 adewit zh 2.6K May  7 17:27 GeometryDD4hepExtended2026D81Reco_cff.pyc
-rw-r--r--. 1 adewit zh  924 May  5 15:13 GeometryDD4hepExtended2026D81_cff.py
-rw-rw-r--. 1 adewit zh 1.1K May  7 17:27 GeometryDD4hepExtended2026D81_cff.pyc
-rw-r--r--. 1 adewit zh 2.9K May  5 15:13 GeometryDD4hepExtended2026D82Reco_cff.py
-rw-rw-r--. 1 adewit zh 2.8K May  7 17:27 GeometryDD4hepExtended2026D82Reco_cff.pyc
-rw-r--r--. 1 adewit zh 1.1K May  5 15:13 GeometryDD4hepExtended2026D82_cff.py
-rw-rw-r--. 1 adewit zh 1.2K May  7 17:27 GeometryDD4hepExtended2026D82_cff.pyc
-rw-r--r--. 1 adewit zh  711 May  5 15:13 GeometryDD4hep_cff.py
-rw-rw-r--. 1 adewit zh  623 May  7 17:27 GeometryDD4hep_cff.pyc
-rw-r--r--. 1 adewit zh  299 May  5 15:13 GeometryECALHCAL_cff.py
-rw-rw-r--. 1 adewit zh  372 May  7 17:27 GeometryECALHCAL_cff.pyc
-rw-r--r--. 1 adewit zh  469 May  5 15:13 GeometryExtended2015CastorMeasured_cff.py
-rw-rw-r--. 1 adewit zh  623 May  7 17:27 GeometryExtended2015CastorMeasured_cff.pyc
-rw-r--r--. 1 adewit zh  470 May  5 15:13 GeometryExtended2015CastorSystMinus_cff.py
-rw-rw-r--. 1 adewit zh  625 May  7 17:27 GeometryExtended2015CastorSystMinus_cff.pyc
-rw-r--r--. 1 adewit zh  469 May  5 15:13 GeometryExtended2015CastorSystPlus_cff.py
-rw-rw-r--. 1 adewit zh  623 May  7 17:27 GeometryExtended2015CastorSystPlus_cff.pyc
-rw-r--r--. 1 adewit zh  231 May  5 15:13 GeometryExtended2015FlatMinus05PercentReco_cff.py
-rw-rw-r--. 1 adewit zh  409 May  7 17:27 GeometryExtended2015FlatMinus05PercentReco_cff.pyc
-rw-r--r--. 1 adewit zh  473 May  5 15:13 GeometryExtended2015FlatMinus05Percent_cff.py
-rw-rw-r--. 1 adewit zh  631 May  7 17:27 GeometryExtended2015FlatMinus05Percent_cff.pyc
-rw-r--r--. 1 adewit zh  231 May  5 15:13 GeometryExtended2015FlatMinus10PercentReco_cff.py
-rw-rw-r--. 1 adewit zh  409 May  7 17:27 GeometryExtended2015FlatMinus10PercentReco_cff.pyc
-rw-r--r--. 1 adewit zh  473 May  5 15:13 GeometryExtended2015FlatMinus10Percent_cff.py
-rw-rw-r--. 1 adewit zh  631 May  7 17:27 GeometryExtended2015FlatMinus10Percent_cff.pyc
-rw-r--r--. 1 adewit zh  230 May  5 15:13 GeometryExtended2015FlatPlus05PercentReco_cff.py
-rw-rw-r--. 1 adewit zh  407 May  7 17:27 GeometryExtended2015FlatPlus05PercentReco_cff.pyc
-rw-r--r--. 1 adewit zh  471 May  5 15:13 GeometryExtended2015FlatPlus05Percent_cff.py
-rw-rw-r--. 1 adewit zh  629 May  7 17:27 GeometryExtended2015FlatPlus05Percent_cff.pyc
-rw-r--r--. 1 adewit zh  230 May  5 15:13 GeometryExtended2015FlatPlus10PercentReco_cff.py
-rw-rw-r--. 1 adewit zh  407 May  7 17:27 GeometryExtended2015FlatPlus10PercentReco_cff.pyc
-rw-r--r--. 1 adewit zh  472 May  5 15:13 GeometryExtended2015FlatPlus10Percent_cff.py
-rw-rw-r--. 1 adewit zh  629 May  7 17:27 GeometryExtended2015FlatPlus10Percent_cff.pyc
-rw-r--r--. 1 adewit zh  400 May  5 15:13 GeometryExtended2015MuonGEMDevReco_cff.py
-rw-rw-r--. 1 adewit zh  575 May  7 17:27 GeometryExtended2015MuonGEMDevReco_cff.pyc
-rw-r--r--. 1 adewit zh  614 May  5 15:13 GeometryExtended2015MuonGEMDev_cff.py
-rw-rw-r--. 1 adewit zh  688 May  7 17:27 GeometryExtended2015MuonGEMDev_cff.pyc
-rw-r--r--. 1 adewit zh  213 May  5 15:13 GeometryExtended2015Reco_cff.py
-rw-rw-r--. 1 adewit zh  373 May  7 17:27 GeometryExtended2015Reco_cff.pyc
-rw-r--r--. 1 adewit zh  467 May  5 15:13 GeometryExtended2015ZeroMaterial_cff.py
-rw-rw-r--. 1 adewit zh  619 May  7 17:27 GeometryExtended2015ZeroMaterial_cff.pyc
-rw-r--r--. 1 adewit zh  455 May  5 15:13 GeometryExtended2015_cff.py
-rw-rw-r--. 1 adewit zh  595 May  7 17:27 GeometryExtended2015_cff.pyc
-rw-r--r--. 1 adewit zh  216 May  5 15:13 GeometryExtended2015devReco_cff.py
-rw-rw-r--. 1 adewit zh  379 May  7 17:27 GeometryExtended2015devReco_cff.pyc
-rw-r--r--. 1 adewit zh  458 May  5 15:13 GeometryExtended2015dev_cff.py
-rw-rw-r--. 1 adewit zh  601 May  7 17:27 GeometryExtended2015dev_cff.pyc
-rw-r--r--. 1 adewit zh 1.3K May  5 15:13 GeometryExtended2016Reco_cff.py
-rw-rw-r--. 1 adewit zh 1.4K May  7 17:27 GeometryExtended2016Reco_cff.pyc
-rw-r--r--. 1 adewit zh  461 May  5 15:13 GeometryExtended2016_CTPPS_cff.py
-rw-rw-r--. 1 adewit zh  608 May  7 17:27 GeometryExtended2016_CTPPS_cff.pyc
-rw-r--r--. 1 adewit zh  455 May  5 15:13 GeometryExtended2016_cff.py
-rw-rw-r--. 1 adewit zh  596 May  7 17:27 GeometryExtended2016_cff.pyc
-rw-r--r--. 1 adewit zh 1.3K May  5 15:13 GeometryExtended2016devReco_cff.py
-rw-rw-r--. 1 adewit zh 1.4K May  7 17:27 GeometryExtended2016devReco_cff.pyc
-rw-r--r--. 1 adewit zh  454 May  5 15:13 GeometryExtended2016dev_cff.py
-rw-rw-r--. 1 adewit zh  598 May  7 17:27 GeometryExtended2016dev_cff.pyc
-rw-r--r--. 1 adewit zh 1.3K May  5 15:13 GeometryExtended2017Plan1FlatMinus05PercentReco_cff.py
-rw-rw-r--. 1 adewit zh 1.4K May  7 17:27 GeometryExtended2017Plan1FlatMinus05PercentReco_cff.pyc
-rw-r--r--. 1 adewit zh  474 May  5 15:13 GeometryExtended2017Plan1FlatMinus05Percent_cff.py
-rw-rw-r--. 1 adewit zh  641 May  7 17:27 GeometryExtended2017Plan1FlatMinus05Percent_cff.pyc
-rw-r--r--. 1 adewit zh 1.3K May  5 15:13 GeometryExtended2017Plan1FlatMinus10PercentReco_cff.py
-rw-rw-r--. 1 adewit zh 1.4K May  7 17:27 GeometryExtended2017Plan1FlatMinus10PercentReco_cff.pyc
-rw-r--r--. 1 adewit zh  475 May  5 15:13 GeometryExtended2017Plan1FlatMinus10Percent_cff.py
-rw-rw-r--. 1 adewit zh  641 May  7 17:27 GeometryExtended2017Plan1FlatMinus10Percent_cff.pyc
-rw-r--r--. 1 adewit zh 1.3K May  5 15:13 GeometryExtended2017Plan1FlatPlus05PercentReco_cff.py
-rw-rw-r--. 1 adewit zh 1.4K May  7 17:27 GeometryExtended2017Plan1FlatPlus05PercentReco_cff.pyc
-rw-r--r--. 1 adewit zh  473 May  5 15:13 GeometryExtended2017Plan1FlatPlus05Percent_cff.py
-rw-rw-r--. 1 adewit zh  639 May  7 17:27 GeometryExtended2017Plan1FlatPlus05Percent_cff.pyc
-rw-r--r--. 1 adewit zh 1.3K May  5 15:13 GeometryExtended2017Plan1FlatPlus10PercentReco_cff.py
-rw-rw-r--. 1 adewit zh 1.4K May  7 17:27 GeometryExtended2017Plan1FlatPlus10PercentReco_cff.pyc
-rw-r--r--. 1 adewit zh  474 May  5 15:13 GeometryExtended2017Plan1FlatPlus10Percent_cff.py
-rw-rw-r--. 1 adewit zh  639 May  7 17:27 GeometryExtended2017Plan1FlatPlus10Percent_cff.pyc
-rw-r--r--. 1 adewit zh 1.3K May  5 15:13 GeometryExtended2017Plan1Reco_cff.py
-rw-rw-r--. 1 adewit zh 1.4K May  7 17:27 GeometryExtended2017Plan1Reco_cff.pyc
-rw-r--r--. 1 adewit zh 1.3K May  5 15:13 GeometryExtended2017Plan1ZeroMaterialReco_cff.py
-rw-rw-r--. 1 adewit zh 1.4K May  7 17:27 GeometryExtended2017Plan1ZeroMaterialReco_cff.pyc
-rw-r--r--. 1 adewit zh  472 May  5 15:13 GeometryExtended2017Plan1ZeroMaterial_cff.py
-rw-rw-r--. 1 adewit zh  629 May  7 17:27 GeometryExtended2017Plan1ZeroMaterial_cff.pyc
-rw-r--r--. 1 adewit zh  460 May  5 15:13 GeometryExtended2017Plan1_cff.py
-rw-rw-r--. 1 adewit zh  605 May  7 17:27 GeometryExtended2017Plan1_cff.pyc
-rw-r--r--. 1 adewit zh 1.3K May  5 15:13 GeometryExtended2017Reco_cff.py
-rw-rw-r--. 1 adewit zh 1.4K May  7 17:27 GeometryExtended2017Reco_cff.pyc
-rw-r--r--. 1 adewit zh  461 May  5 15:13 GeometryExtended2017_CTPPS_cff.py
-rw-rw-r--. 1 adewit zh  607 May  7 17:27 GeometryExtended2017_CTPPS_cff.pyc
-rw-r--r--. 1 adewit zh  455 May  5 15:13 GeometryExtended2017_cff.py
-rw-rw-r--. 1 adewit zh  595 May  7 17:27 GeometryExtended2017_cff.pyc
-rw-r--r--. 1 adewit zh  470 May  5 15:13 GeometryExtended2018DetailedCavern_cff.py
-rw-rw-r--. 1 adewit zh  623 May  7 17:27 GeometryExtended2018DetailedCavern_cff.pyc
-rw-r--r--. 1 adewit zh 1.4K May  5 15:13 GeometryExtended2018FlatMinus05PercentReco_cff.py
-rw-rw-r--. 1 adewit zh 1.4K May  7 17:27 GeometryExtended2018FlatMinus05PercentReco_cff.pyc
-rw-r--r--. 1 adewit zh  469 May  5 15:13 GeometryExtended2018FlatMinus05Percent_cff.py
-rw-rw-r--. 1 adewit zh  631 May  7 17:27 GeometryExtended2018FlatMinus05Percent_cff.pyc
-rw-r--r--. 1 adewit zh 1.4K May  5 15:13 GeometryExtended2018FlatMinus10PercentReco_cff.py
-rw-rw-r--. 1 adewit zh 1.4K May  7 17:27 GeometryExtended2018FlatMinus10PercentReco_cff.pyc
-rw-r--r--. 1 adewit zh  470 May  5 15:13 GeometryExtended2018FlatMinus10Percent_cff.py
-rw-rw-r--. 1 adewit zh  631 May  7 17:27 GeometryExtended2018FlatMinus10Percent_cff.pyc
-rw-r--r--. 1 adewit zh 1.4K May  5 15:13 GeometryExtended2018FlatPlus05PercentReco_cff.py
-rw-rw-r--. 1 adewit zh 1.4K May  7 17:27 GeometryExtended2018FlatPlus05PercentReco_cff.pyc
-rw-r--r--. 1 adewit zh  468 May  5 15:13 GeometryExtended2018FlatPlus05Percent_cff.py
-rw-rw-r--. 1 adewit zh  629 May  7 17:27 GeometryExtended2018FlatPlus05Percent_cff.pyc
-rw-r--r--. 1 adewit zh 1.4K May  5 15:13 GeometryExtended2018FlatPlus10PercentReco_cff.py
-rw-rw-r--. 1 adewit zh 1.4K May  7 17:27 GeometryExtended2018FlatPlus10PercentReco_cff.pyc
-rw-r--r--. 1 adewit zh  469 May  5 15:13 GeometryExtended2018FlatPlus10Percent_cff.py
-rw-rw-r--. 1 adewit zh  629 May  7 17:27 GeometryExtended2018FlatPlus10Percent_cff.pyc
-rw-r--r--. 1 adewit zh  464 May  5 15:13 GeometryExtended2018NoSD_cff.py
-rw-rw-r--. 1 adewit zh  603 May  7 17:27 GeometryExtended2018NoSD_cff.pyc
-rw-r--r--. 1 adewit zh 1.3K May  5 15:13 GeometryExtended2018Plan36Reco_cff.py
-rw-rw-r--. 1 adewit zh 1.4K May  7 17:27 GeometryExtended2018Plan36Reco_cff.pyc
-rw-r--r--. 1 adewit zh  461 May  5 15:13 GeometryExtended2018Plan36_cff.py
-rw-rw-r--. 1 adewit zh  607 May  7 17:27 GeometryExtended2018Plan36_cff.pyc
-rw-r--r--. 1 adewit zh 1.3K May  5 15:13 GeometryExtended2018Reco_cff.py
-rw-rw-r--. 1 adewit zh 1.4K May  7 17:27 GeometryExtended2018Reco_cff.pyc
-rw-r--r--. 1 adewit zh 1.3K May  5 15:13 GeometryExtended2018ZeroMaterialReco_cff.py
-rw-rw-r--. 1 adewit zh 1.4K May  7 17:27 GeometryExtended2018ZeroMaterialReco_cff.pyc
-rw-r--r--. 1 adewit zh  467 May  5 15:13 GeometryExtended2018ZeroMaterial_cff.py
-rw-rw-r--. 1 adewit zh  619 May  7 17:27 GeometryExtended2018ZeroMaterial_cff.pyc
-rw-r--r--. 1 adewit zh  461 May  5 15:13 GeometryExtended2018_CTPPS_cff.py
-rw-rw-r--. 1 adewit zh  607 May  7 17:27 GeometryExtended2018_CTPPS_cff.pyc
-rw-r--r--. 1 adewit zh  455 May  5 15:13 GeometryExtended2018_cff.py
-rw-rw-r--. 1 adewit zh  595 May  7 17:27 GeometryExtended2018_cff.pyc
-rw-r--r--. 1 adewit zh 2.2K May 10 08:32 GeometryExtended2021FlatMinus05PercentReco_cff.py
-rw-rw-r--. 1 adewit zh 2.1K May  7 17:27 GeometryExtended2021FlatMinus05PercentReco_cff.pyc
-rw-r--r--. 1 adewit zh  617 May 10 08:32 GeometryExtended2021FlatMinus05Percent_cff.py
-rw-rw-r--. 1 adewit zh  695 May  7 17:27 GeometryExtended2021FlatMinus05Percent_cff.pyc
-rw-r--r--. 1 adewit zh 2.2K May 10 08:32 GeometryExtended2021FlatMinus10PercentReco_cff.py
-rw-rw-r--. 1 adewit zh 2.1K May  7 17:27 GeometryExtended2021FlatMinus10PercentReco_cff.pyc
-rw-r--r--. 1 adewit zh  617 May 10 08:32 GeometryExtended2021FlatMinus10Percent_cff.py
-rw-rw-r--. 1 adewit zh  695 May  7 17:27 GeometryExtended2021FlatMinus10Percent_cff.pyc
-rw-r--r--. 1 adewit zh 2.2K May 10 08:32 GeometryExtended2021FlatPlus05PercentReco_cff.py
-rw-rw-r--. 1 adewit zh 2.1K May  7 17:27 GeometryExtended2021FlatPlus05PercentReco_cff.pyc
-rw-r--r--. 1 adewit zh  616 May 10 08:32 GeometryExtended2021FlatPlus05Percent_cff.py
-rw-rw-r--. 1 adewit zh  693 May  7 17:27 GeometryExtended2021FlatPlus05Percent_cff.pyc
-rw-r--r--. 1 adewit zh 2.2K May 10 08:32 GeometryExtended2021FlatPlus10PercentReco_cff.py
-rw-rw-r--. 1 adewit zh 2.1K May  7 17:27 GeometryExtended2021FlatPlus10PercentReco_cff.pyc
-rw-r--r--. 1 adewit zh  616 May 10 08:32 GeometryExtended2021FlatPlus10Percent_cff.py
-rw-rw-r--. 1 adewit zh  693 May  7 17:27 GeometryExtended2021FlatPlus10Percent_cff.pyc
-rw-r--r--. 1 adewit zh 2.2K May 10 08:32 GeometryExtended2021Reco_cff.py
-rw-rw-r--. 1 adewit zh 2.0K May  7 17:27 GeometryExtended2021Reco_cff.pyc
-rw-r--r--. 1 adewit zh 2.2K May 10 08:32 GeometryExtended2021ZeroMaterialReco_cff.py
-rw-rw-r--. 1 adewit zh 2.1K May  7 17:27 GeometryExtended2021ZeroMaterialReco_cff.pyc
-rw-r--r--. 1 adewit zh  611 May 10 08:32 GeometryExtended2021ZeroMaterial_cff.py
-rw-rw-r--. 1 adewit zh  683 May  7 17:27 GeometryExtended2021ZeroMaterial_cff.pyc
-rw-r--r--. 1 adewit zh  599 May 10 08:32 GeometryExtended2021_cff.py
-rw-rw-r--. 1 adewit zh  659 May  7 17:27 GeometryExtended2021_cff.pyc
-rw-r--r--. 1 adewit zh 2.7K May  5 15:13 GeometryExtended2026D49Reco_cff.py
-rw-rw-r--. 1 adewit zh 2.7K May  7 17:27 GeometryExtended2026D49Reco_cff.pyc
-rw-r--r--. 1 adewit zh  814 May  5 15:13 GeometryExtended2026D49_cff.py
-rw-rw-r--. 1 adewit zh  884 May  7 17:27 GeometryExtended2026D49_cff.pyc
-rw-r--r--. 1 adewit zh 2.7K May  5 15:13 GeometryExtended2026D53Reco_cff.py
-rw-rw-r--. 1 adewit zh 2.7K May  7 17:27 GeometryExtended2026D53Reco_cff.pyc
-rw-r--r--. 1 adewit zh  752 May  5 15:13 GeometryExtended2026D53_cff.py
-rw-rw-r--. 1 adewit zh  820 May  7 17:27 GeometryExtended2026D53_cff.pyc
-rw-r--r--. 1 adewit zh 2.9K May  5 15:13 GeometryExtended2026D60Reco_cff.py
-rw-rw-r--. 1 adewit zh 2.8K May  7 17:27 GeometryExtended2026D60Reco_cff.pyc
-rw-r--r--. 1 adewit zh  967 May  5 15:13 GeometryExtended2026D60_cff.py
-rw-rw-r--. 1 adewit zh 1.1K May  7 17:27 GeometryExtended2026D60_cff.pyc
-rw-r--r--. 1 adewit zh 2.7K May  5 15:13 GeometryExtended2026D68Reco_cff.py
-rw-rw-r--. 1 adewit zh 2.7K May  7 17:27 GeometryExtended2026D68Reco_cff.pyc
-rw-r--r--. 1 adewit zh  814 May  5 15:13 GeometryExtended2026D68_cff.py
-rw-rw-r--. 1 adewit zh  884 May  7 17:27 GeometryExtended2026D68_cff.pyc
-rw-r--r--. 1 adewit zh 2.7K May  5 15:13 GeometryExtended2026D70Reco_cff.py
-rw-rw-r--. 1 adewit zh 2.7K May  7 17:27 GeometryExtended2026D70Reco_cff.pyc
-rw-r--r--. 1 adewit zh  814 May  5 15:13 GeometryExtended2026D70_cff.py
-rw-rw-r--. 1 adewit zh  884 May  7 17:27 GeometryExtended2026D70_cff.pyc
-rw-r--r--. 1 adewit zh 2.7K May  5 15:13 GeometryExtended2026D76Reco_cff.py
-rw-rw-r--. 1 adewit zh 2.6K May  7 17:27 GeometryExtended2026D76Reco_cff.pyc
-rw-r--r--. 1 adewit zh  814 May  5 15:13 GeometryExtended2026D76_cff.py
-rw-rw-r--. 1 adewit zh  884 May  7 17:27 GeometryExtended2026D76_cff.pyc
-rw-r--r--. 1 adewit zh 2.7K May  5 15:13 GeometryExtended2026D77Reco_cff.py
-rw-rw-r--. 1 adewit zh 2.6K May  7 17:27 GeometryExtended2026D77Reco_cff.pyc
-rw-r--r--. 1 adewit zh  814 May  5 15:13 GeometryExtended2026D77_cff.py
-rw-rw-r--. 1 adewit zh  884 May  7 17:27 GeometryExtended2026D77_cff.pyc
-rw-r--r--. 1 adewit zh 2.7K May  5 15:13 GeometryExtended2026D78Reco_cff.py
-rw-rw-r--. 1 adewit zh 2.6K May  7 17:27 GeometryExtended2026D78Reco_cff.pyc
-rw-r--r--. 1 adewit zh  814 May  5 15:13 GeometryExtended2026D78_cff.py
-rw-rw-r--. 1 adewit zh  884 May  7 17:27 GeometryExtended2026D78_cff.pyc
-rw-r--r--. 1 adewit zh 2.7K May  5 15:13 GeometryExtended2026D79Reco_cff.py
-rw-rw-r--. 1 adewit zh 2.6K May  7 17:27 GeometryExtended2026D79Reco_cff.pyc
-rw-r--r--. 1 adewit zh  814 May  5 15:13 GeometryExtended2026D79_cff.py
-rw-rw-r--. 1 adewit zh  884 May  7 17:27 GeometryExtended2026D79_cff.pyc
-rw-r--r--. 1 adewit zh 2.7K May  5 15:13 GeometryExtended2026D80Reco_cff.py
-rw-rw-r--. 1 adewit zh 2.6K May  7 17:27 GeometryExtended2026D80Reco_cff.pyc
-rw-r--r--. 1 adewit zh  814 May  5 15:13 GeometryExtended2026D80_cff.py
-rw-rw-r--. 1 adewit zh  884 May  7 17:27 GeometryExtended2026D80_cff.pyc
-rw-r--r--. 1 adewit zh 2.8K May  7 19:04 GeometryExtended2026D81Reco_cff.py
-rw-rw-r--. 1 adewit zh 2.7K May  7 19:04 GeometryExtended2026D81Reco_cff.pyc
-rw-r--r--. 1 adewit zh  814 May  5 15:13 GeometryExtended2026D81_cff.py
-rw-rw-r--. 1 adewit zh  884 May  7 17:27 GeometryExtended2026D81_cff.pyc
-rw-r--r--. 1 adewit zh 2.9K May  7 19:03 GeometryExtended2026D82Reco_cff.py
-rw-rw-r--. 1 adewit zh 2.9K May  7 19:03 GeometryExtended2026D82Reco_cff.pyc
-rw-r--r--. 1 adewit zh  966 May  5 15:13 GeometryExtended2026D82_cff.py
-rw-rw-r--. 1 adewit zh 1.1K May  7 17:27 GeometryExtended2026D82_cff.pyc
-rw-r--r--. 1 adewit zh  472 May  5 15:13 GeometryExtendedCastorMeasured2015dev_cff.py
-rw-rw-r--. 1 adewit zh  629 May  7 17:27 GeometryExtendedCastorMeasured2015dev_cff.pyc
-rw-r--r--. 1 adewit zh  473 May  5 15:13 GeometryExtendedCastorSystMinus2015dev_cff.py
-rw-rw-r--. 1 adewit zh  631 May  7 17:27 GeometryExtendedCastorSystMinus2015dev_cff.pyc
-rw-r--r--. 1 adewit zh  472 May  5 15:13 GeometryExtendedCastorSystPlus2015dev_cff.py
-rw-rw-r--. 1 adewit zh  629 May  7 17:27 GeometryExtendedCastorSystPlus2015dev_cff.pyc
-rw-r--r--. 1 adewit zh  215 May  5 15:13 GeometryExtendedGFlashReco_cff.py
-rw-rw-r--. 1 adewit zh  377 May  7 17:27 GeometryExtendedGFlashReco_cff.pyc
-rw-r--r--. 1 adewit zh  546 May  5 15:13 GeometryExtendedGFlash_cff.py
-rw-rw-r--. 1 adewit zh  655 May  7 17:27 GeometryExtendedGFlash_cff.pyc
-rw-r--r--. 1 adewit zh  468 May  5 15:13 GeometryExtendedHFLibraryNoCastor_cff.py
-rw-rw-r--. 1 adewit zh  621 May  7 17:27 GeometryExtendedHFLibraryNoCastor_cff.pyc
-rw-r--r--. 1 adewit zh  209 May  5 15:13 GeometryExtendedReco_cff.py
-rw-rw-r--. 1 adewit zh  365 May  7 17:27 GeometryExtendedReco_cff.pyc
-rw-r--r--. 1 adewit zh  459 May  5 15:13 GeometryExtendedTest2014_cff.py
-rw-rw-r--. 1 adewit zh  603 May  7 17:27 GeometryExtendedTest2014_cff.pyc
-rw-r--r--. 1 adewit zh  463 May  5 15:13 GeometryExtendedZeroMaterial_cff.py
-rw-rw-r--. 1 adewit zh  611 May  7 17:27 GeometryExtendedZeroMaterial_cff.pyc
-rw-r--r--. 1 adewit zh  526 May  5 15:13 GeometryExtended_cff.py
-rw-rw-r--. 1 adewit zh  683 May  7 17:27 GeometryExtended_cff.pyc
-rw-r--r--. 1 adewit zh  235 May  5 15:13 GeometryHCAL_cff.py
-rw-rw-r--. 1 adewit zh  360 May  7 17:27 GeometryHCAL_cff.pyc
-rw-r--r--. 1 adewit zh  210 May  5 15:13 GeometryIdeal2015Reco_cff.py
-rw-rw-r--. 1 adewit zh  367 May  7 17:27 GeometryIdeal2015Reco_cff.pyc
-rw-r--r--. 1 adewit zh  452 May  5 15:13 GeometryIdeal2015_cff.py
-rw-rw-r--. 1 adewit zh  589 May  7 17:27 GeometryIdeal2015_cff.pyc
-rw-r--r--. 1 adewit zh  213 May  5 15:13 GeometryIdeal2015devReco_cff.py
-rw-rw-r--. 1 adewit zh  373 May  7 17:27 GeometryIdeal2015devReco_cff.pyc
-rw-r--r--. 1 adewit zh  455 May  5 15:13 GeometryIdeal2015dev_cff.py
-rw-rw-r--. 1 adewit zh  595 May  7 17:27 GeometryIdeal2015dev_cff.pyc
-rw-r--r--. 1 adewit zh 1.3K May  5 15:13 GeometryIdealAPD1_cff.py
-rw-rw-r--. 1 adewit zh 1.4K May  7 17:27 GeometryIdealAPD1_cff.pyc
-rw-r--r--. 1 adewit zh  272 May  5 15:13 GeometryIdealGFlash_cff.py
-rw-rw-r--. 1 adewit zh  370 May  7 17:27 GeometryIdealGFlash_cff.pyc
-rw-r--r--. 1 adewit zh 1.3K May  5 15:13 GeometryIdealNoAPD_cff.py
-rw-rw-r--. 1 adewit zh 1.4K May  7 17:27 GeometryIdealNoAPD_cff.pyc
-rw-r--r--. 1 adewit zh  537 May  5 15:13 GeometryIdeal_cff.py
-rw-rw-r--. 1 adewit zh  637 May  7 17:27 GeometryIdeal_cff.pyc
-rw-r--r--. 1 adewit zh 1.2K May  5 15:13 GeometryNoCastor_cff.py
-rw-rw-r--. 1 adewit zh 1.3K May  7 17:27 GeometryNoCastor_cff.pyc
-rw-r--r--. 1 adewit zh 1.7K May  7 18:46 GeometryRecoDB_cff.py
-rw-rw-r--. 1 adewit zh 2.0K May  7 18:46 GeometryRecoDB_cff.pyc
-rw-r--r--. 1 adewit zh  470 May  5 15:13 GeometryRecoECALHCAL_cff.py
-rw-rw-r--. 1 adewit zh  671 May  7 17:27 GeometryRecoECALHCAL_cff.pyc
-rw-r--r--. 1 adewit zh  346 May  5 15:13 GeometryRecoHCAL_cff.py
-rw-rw-r--. 1 adewit zh  563 May  7 17:27 GeometryRecoHCAL_cff.pyc
-rw-r--r--. 1 adewit zh  421 May 10 08:24 GeometryRecoTracker_cff.py
-rw-rw-r--. 1 adewit zh  478 May  7 17:27 GeometryRecoTracker_cff.pyc
-rw-r--r--. 1 adewit zh 1.3K May  7 15:08 GeometryReco_cff.py
-rw-rw-r--. 1 adewit zh 1.5K May  7 17:27 GeometryReco_cff.pyc
-rw-r--r--. 1 adewit zh  162 May  5 15:13 GeometrySLHCDB_cff.py
-rw-rw-r--. 1 adewit zh  366 May  7 17:27 GeometrySLHCDB_cff.pyc
-rw-r--r--. 1 adewit zh 1.3K May  5 15:13 GeometrySLHCRecoDB_cff.py
-rw-rw-r--. 1 adewit zh 1.4K May  7 17:27 GeometrySLHCRecoDB_cff.pyc
-rw-r--r--. 1 adewit zh 1.9K May  5 15:13 GeometrySLHCReco_cff.py
-rw-rw-r--. 1 adewit zh 2.1K May  7 17:27 GeometrySLHCReco_cff.pyc
-rw-r--r--. 1 adewit zh  757 May  5 15:13 GeometrySLHCSimDB_cff.py
-rw-rw-r--. 1 adewit zh  880 May  7 17:27 GeometrySLHCSimDB_cff.pyc
-rw-r--r--. 1 adewit zh  249 May  5 15:13 GeometrySLHCSimIdeal_cff.py
-rw-rw-r--. 1 adewit zh  420 May  7 17:27 GeometrySLHCSimIdeal_cff.pyc
-rw-r--r--. 1 adewit zh  274 May  5 15:13 GeometrySLHC_cff.py
-rw-rw-r--. 1 adewit zh  365 May  7 17:27 GeometrySLHC_cff.pyc
-rw-r--r--. 1 adewit zh  409 May  5 15:13 GeometrySimAll_cff.py
-rw-rw-r--. 1 adewit zh  580 May  7 17:27 GeometrySimAll_cff.pyc
-rw-r--r--. 1 adewit zh  752 May  5 15:13 GeometrySimDB_cff.py
-rw-rw-r--. 1 adewit zh  872 May  7 17:27 GeometrySimDB_cff.pyc
-rw-r--r--. 1 adewit zh  286 May  5 15:13 GeometrySimECALHCAL_cff.py
-rw-rw-r--. 1 adewit zh  444 May  7 17:27 GeometrySimECALHCAL_cff.pyc
-rw-r--r--. 1 adewit zh  208 May  5 15:13 GeometrySimHCAL_cff.py
-rw-rw-r--. 1 adewit zh  371 May  7 17:27 GeometrySimHCAL_cff.pyc
-rw-r--r--. 1 adewit zh  418 May  5 15:13 GeometrySimIdealGFlash_cff.py
-rw-rw-r--. 1 adewit zh  596 May  7 17:27 GeometrySimIdealGFlash_cff.pyc
-rw-r--r--. 1 adewit zh  411 May  5 15:13 GeometrySimIdeal_cff.py
-rw-rw-r--. 1 adewit zh  584 May  7 17:27 GeometrySimIdeal_cff.pyc
-rw-r--r--. 1 adewit zh  222 May  5 15:13 GeometrySimTracker_cff.py
-rw-rw-r--. 1 adewit zh  391 May  7 17:27 GeometrySimTracker_cff.pyc
-rw-r--r--. 1 adewit zh  282 May  5 15:13 GeometryTrackerOnly_cff.py
-rw-rw-r--. 1 adewit zh  373 May  7 17:27 GeometryTrackerOnly_cff.pyc
-rw-r--r--. 1 adewit zh  179 May  5 15:13 MagneticFieldGeometryDB_cff.py
-rw-rw-r--. 1 adewit zh  340 May  7 17:27 MagneticFieldGeometryDB_cff.pyc
-rw-r--r--. 1 adewit zh  163 May  5 15:13 MagneticFieldGeometry_cff.py
-rw-rw-r--. 1 adewit zh  321 May  7 17:27 MagneticFieldGeometry_cff.pyc
-rw-rw-r--. 1 adewit zh  196 May  7 17:23 __init__.py
-rw-rw-r--. 1 adewit zh  391 May  7 17:27 __init__.pyc
-rw-r--r--. 1 adewit zh  13K May 10 08:21 allGeomConfigs.log
-rw-r--r--. 1 adewit zh    0 May 10 08:35 allgeoms.log
-rw-r--r--. 1 adewit zh  154 May  5 15:13 dependencies.py
-rw-rw-r--. 1 adewit zh  233 May  7 17:27 dependencies.pyc
-rw-r--r--. 1 adewit zh 142K May 10 08:19 dict2021Geometry.py
-rw-r--r--. 1 adewit zh  43K May 10 08:25 dict2021Geometry.pyc
-rw-r--r--. 1 adewit zh  72K May 10 08:20 dict2026Geometry.py
-rw-r--r--. 1 adewit zh  27K May 10 08:26 dict2026Geometry.pyc
-rw-r--r--. 1 adewit zh  15K May  5 15:13 generateGeometry.py
-rw-rw-r--. 1 adewit zh 9.7K May  7 17:27 generateGeometry.pyc
