GeometryDB_cff.py
GeometryDB_cff.pyc
GeometryDD4hepExtended2021FlatMinus05PercentReco_cff.py
GeometryDD4hepExtended2021FlatMinus05PercentReco_cff.pyc
GeometryDD4hepExtended2021FlatMinus05Percent_cff.py
GeometryDD4hepExtended2021FlatMinus05Percent_cff.pyc
GeometryDD4hepExtended2021FlatMinus10PercentReco_cff.py
GeometryDD4hepExtended2021FlatMinus10PercentReco_cff.pyc
GeometryDD4hepExtended2021FlatMinus10Percent_cff.py
GeometryDD4hepExtended2021FlatMinus10Percent_cff.pyc
GeometryDD4hepExtended2021FlatPlus05PercentReco_cff.py
GeometryDD4hepExtended2021FlatPlus05PercentReco_cff.pyc
GeometryDD4hepExtended2021FlatPlus05Percent_cff.py
GeometryDD4hepExtended2021FlatPlus05Percent_cff.pyc
GeometryDD4hepExtended2021FlatPlus10PercentReco_cff.py
GeometryDD4hepExtended2021FlatPlus10PercentReco_cff.pyc
GeometryDD4hepExtended2021FlatPlus10Percent_cff.py
GeometryDD4hepExtended2021FlatPlus10Percent_cff.pyc
GeometryDD4hepExtended2021Reco_cff.py
GeometryDD4hepExtended2021Reco_cff.pyc
GeometryDD4hepExtended2021ZeroMaterialReco_cff.py
GeometryDD4hepExtended2021ZeroMaterialReco_cff.pyc
GeometryDD4hepExtended2021ZeroMaterial_cff.py
GeometryDD4hepExtended2021ZeroMaterial_cff.pyc
GeometryDD4hepExtended2021_cff.py
GeometryDD4hepExtended2021_cff.pyc
GeometryDD4hepExtended2026D49Reco_cff.py
GeometryDD4hepExtended2026D49Reco_cff.pyc
GeometryDD4hepExtended2026D49_cff.py
GeometryDD4hepExtended2026D49_cff.pyc
GeometryDD4hepExtended2026D60Reco_cff.py
GeometryDD4hepExtended2026D60Reco_cff.pyc
GeometryDD4hepExtended2026D60_cff.py
GeometryDD4hepExtended2026D60_cff.pyc
GeometryDD4hepExtended2026D68Reco_cff.py
GeometryDD4hepExtended2026D68Reco_cff.pyc
GeometryDD4hepExtended2026D68_cff.py
GeometryDD4hepExtended2026D68_cff.pyc
GeometryDD4hepExtended2026D70Reco_cff.py
GeometryDD4hepExtended2026D70Reco_cff.pyc
GeometryDD4hepExtended2026D70_cff.py
GeometryDD4hepExtended2026D70_cff.pyc
GeometryDD4hepExtended2026D76Reco_cff.py
GeometryDD4hepExtended2026D76Reco_cff.pyc
GeometryDD4hepExtended2026D76_cff.py
GeometryDD4hepExtended2026D76_cff.pyc
GeometryDD4hepExtended2026D77Reco_cff.py
GeometryDD4hepExtended2026D77Reco_cff.pyc
GeometryDD4hepExtended2026D77_cff.py
GeometryDD4hepExtended2026D77_cff.pyc
GeometryDD4hepExtended2026D78Reco_cff.py
GeometryDD4hepExtended2026D78Reco_cff.pyc
GeometryDD4hepExtended2026D78_cff.py
GeometryDD4hepExtended2026D78_cff.pyc
GeometryDD4hepExtended2026D79Reco_cff.py
GeometryDD4hepExtended2026D79Reco_cff.pyc
GeometryDD4hepExtended2026D79_cff.py
GeometryDD4hepExtended2026D79_cff.pyc
GeometryDD4hepExtended2026D80Reco_cff.py
GeometryDD4hepExtended2026D80Reco_cff.pyc
GeometryDD4hepExtended2026D80_cff.py
GeometryDD4hepExtended2026D80_cff.pyc
GeometryDD4hepExtended2026D81Reco_cff.py
GeometryDD4hepExtended2026D81Reco_cff.pyc
GeometryDD4hepExtended2026D81_cff.py
GeometryDD4hepExtended2026D81_cff.pyc
GeometryDD4hepExtended2026D82Reco_cff.py
GeometryDD4hepExtended2026D82Reco_cff.pyc
GeometryDD4hepExtended2026D82_cff.py
GeometryDD4hepExtended2026D82_cff.pyc
GeometryDD4hep_cff.py
GeometryDD4hep_cff.pyc
GeometryECALHCAL_cff.py
GeometryECALHCAL_cff.pyc
GeometryExtended2015CastorMeasured_cff.py
GeometryExtended2015CastorMeasured_cff.pyc
GeometryExtended2015CastorSystMinus_cff.py
GeometryExtended2015CastorSystMinus_cff.pyc
GeometryExtended2015CastorSystPlus_cff.py
GeometryExtended2015CastorSystPlus_cff.pyc
GeometryExtended2015FlatMinus05PercentReco_cff.py
GeometryExtended2015FlatMinus05PercentReco_cff.pyc
GeometryExtended2015FlatMinus05Percent_cff.py
GeometryExtended2015FlatMinus05Percent_cff.pyc
GeometryExtended2015FlatMinus10PercentReco_cff.py
GeometryExtended2015FlatMinus10PercentReco_cff.pyc
GeometryExtended2015FlatMinus10Percent_cff.py
GeometryExtended2015FlatMinus10Percent_cff.pyc
GeometryExtended2015FlatPlus05PercentReco_cff.py
GeometryExtended2015FlatPlus05PercentReco_cff.pyc
GeometryExtended2015FlatPlus05Percent_cff.py
GeometryExtended2015FlatPlus05Percent_cff.pyc
GeometryExtended2015FlatPlus10PercentReco_cff.py
GeometryExtended2015FlatPlus10PercentReco_cff.pyc
GeometryExtended2015FlatPlus10Percent_cff.py
GeometryExtended2015FlatPlus10Percent_cff.pyc
GeometryExtended2015MuonGEMDevReco_cff.py
GeometryExtended2015MuonGEMDevReco_cff.pyc
GeometryExtended2015MuonGEMDev_cff.py
GeometryExtended2015MuonGEMDev_cff.pyc
GeometryExtended2015Reco_cff.py
GeometryExtended2015Reco_cff.pyc
GeometryExtended2015ZeroMaterial_cff.py
GeometryExtended2015ZeroMaterial_cff.pyc
GeometryExtended2015_cff.py
GeometryExtended2015_cff.pyc
GeometryExtended2015devReco_cff.py
GeometryExtended2015devReco_cff.pyc
GeometryExtended2015dev_cff.py
GeometryExtended2015dev_cff.pyc
GeometryExtended2016Reco_cff.py
GeometryExtended2016Reco_cff.pyc
GeometryExtended2016_CTPPS_cff.py
GeometryExtended2016_CTPPS_cff.pyc
GeometryExtended2016_cff.py
GeometryExtended2016_cff.pyc
GeometryExtended2016devReco_cff.py
GeometryExtended2016devReco_cff.pyc
GeometryExtended2016dev_cff.py
GeometryExtended2016dev_cff.pyc
GeometryExtended2017Plan1FlatMinus05PercentReco_cff.py
GeometryExtended2017Plan1FlatMinus05PercentReco_cff.pyc
GeometryExtended2017Plan1FlatMinus05Percent_cff.py
GeometryExtended2017Plan1FlatMinus05Percent_cff.pyc
GeometryExtended2017Plan1FlatMinus10PercentReco_cff.py
GeometryExtended2017Plan1FlatMinus10PercentReco_cff.pyc
GeometryExtended2017Plan1FlatMinus10Percent_cff.py
GeometryExtended2017Plan1FlatMinus10Percent_cff.pyc
GeometryExtended2017Plan1FlatPlus05PercentReco_cff.py
GeometryExtended2017Plan1FlatPlus05PercentReco_cff.pyc
GeometryExtended2017Plan1FlatPlus05Percent_cff.py
GeometryExtended2017Plan1FlatPlus05Percent_cff.pyc
GeometryExtended2017Plan1FlatPlus10PercentReco_cff.py
GeometryExtended2017Plan1FlatPlus10PercentReco_cff.pyc
GeometryExtended2017Plan1FlatPlus10Percent_cff.py
GeometryExtended2017Plan1FlatPlus10Percent_cff.pyc
GeometryExtended2017Plan1Reco_cff.py
GeometryExtended2017Plan1Reco_cff.pyc
GeometryExtended2017Plan1ZeroMaterialReco_cff.py
GeometryExtended2017Plan1ZeroMaterialReco_cff.pyc
GeometryExtended2017Plan1ZeroMaterial_cff.py
GeometryExtended2017Plan1ZeroMaterial_cff.pyc
GeometryExtended2017Plan1_cff.py
GeometryExtended2017Plan1_cff.pyc
GeometryExtended2017Reco_cff.py
GeometryExtended2017Reco_cff.pyc
GeometryExtended2017_CTPPS_cff.py
GeometryExtended2017_CTPPS_cff.pyc
GeometryExtended2017_cff.py
GeometryExtended2017_cff.pyc
GeometryExtended2018DetailedCavern_cff.py
GeometryExtended2018DetailedCavern_cff.pyc
GeometryExtended2018FlatMinus05PercentReco_cff.py
GeometryExtended2018FlatMinus05PercentReco_cff.pyc
GeometryExtended2018FlatMinus05Percent_cff.py
GeometryExtended2018FlatMinus05Percent_cff.pyc
GeometryExtended2018FlatMinus10PercentReco_cff.py
GeometryExtended2018FlatMinus10PercentReco_cff.pyc
GeometryExtended2018FlatMinus10Percent_cff.py
GeometryExtended2018FlatMinus10Percent_cff.pyc
GeometryExtended2018FlatPlus05PercentReco_cff.py
GeometryExtended2018FlatPlus05PercentReco_cff.pyc
GeometryExtended2018FlatPlus05Percent_cff.py
GeometryExtended2018FlatPlus05Percent_cff.pyc
GeometryExtended2018FlatPlus10PercentReco_cff.py
GeometryExtended2018FlatPlus10PercentReco_cff.pyc
GeometryExtended2018FlatPlus10Percent_cff.py
GeometryExtended2018FlatPlus10Percent_cff.pyc
GeometryExtended2018NoSD_cff.py
GeometryExtended2018NoSD_cff.pyc
GeometryExtended2018Plan36Reco_cff.py
GeometryExtended2018Plan36Reco_cff.pyc
GeometryExtended2018Plan36_cff.py
GeometryExtended2018Plan36_cff.pyc
GeometryExtended2018Reco_cff.py
GeometryExtended2018Reco_cff.pyc
GeometryExtended2018ZeroMaterialReco_cff.py
GeometryExtended2018ZeroMaterialReco_cff.pyc
GeometryExtended2018ZeroMaterial_cff.py
GeometryExtended2018ZeroMaterial_cff.pyc
GeometryExtended2018_CTPPS_cff.py
GeometryExtended2018_CTPPS_cff.pyc
GeometryExtended2018_cff.py
GeometryExtended2018_cff.pyc
GeometryExtended2021FlatMinus05PercentReco_cff.py
GeometryExtended2021FlatMinus05PercentReco_cff.pyc
GeometryExtended2021FlatMinus05Percent_cff.py
GeometryExtended2021FlatMinus05Percent_cff.pyc
GeometryExtended2021FlatMinus10PercentReco_cff.py
GeometryExtended2021FlatMinus10PercentReco_cff.pyc
GeometryExtended2021FlatMinus10Percent_cff.py
GeometryExtended2021FlatMinus10Percent_cff.pyc
GeometryExtended2021FlatPlus05PercentReco_cff.py
GeometryExtended2021FlatPlus05PercentReco_cff.pyc
GeometryExtended2021FlatPlus05Percent_cff.py
GeometryExtended2021FlatPlus05Percent_cff.pyc
GeometryExtended2021FlatPlus10PercentReco_cff.py
GeometryExtended2021FlatPlus10PercentReco_cff.pyc
GeometryExtended2021FlatPlus10Percent_cff.py
GeometryExtended2021FlatPlus10Percent_cff.pyc
GeometryExtended2021Reco_cff.py
GeometryExtended2021Reco_cff.pyc
GeometryExtended2021ZeroMaterialReco_cff.py
GeometryExtended2021ZeroMaterialReco_cff.pyc
GeometryExtended2021ZeroMaterial_cff.py
GeometryExtended2021ZeroMaterial_cff.pyc
GeometryExtended2021_cff.py
GeometryExtended2021_cff.pyc
GeometryExtended2026D49Reco_cff.py
GeometryExtended2026D49Reco_cff.pyc
GeometryExtended2026D49_cff.py
GeometryExtended2026D49_cff.pyc
GeometryExtended2026D53Reco_cff.py
GeometryExtended2026D53Reco_cff.pyc
GeometryExtended2026D53_cff.py
GeometryExtended2026D53_cff.pyc
GeometryExtended2026D60Reco_cff.py
GeometryExtended2026D60Reco_cff.pyc
GeometryExtended2026D60_cff.py
GeometryExtended2026D60_cff.pyc
GeometryExtended2026D68Reco_cff.py
GeometryExtended2026D68Reco_cff.pyc
GeometryExtended2026D68_cff.py
GeometryExtended2026D68_cff.pyc
GeometryExtended2026D70Reco_cff.py
GeometryExtended2026D70Reco_cff.pyc
GeometryExtended2026D70_cff.py
GeometryExtended2026D70_cff.pyc
GeometryExtended2026D76Reco_cff.py
GeometryExtended2026D76Reco_cff.pyc
GeometryExtended2026D76_cff.py
GeometryExtended2026D76_cff.pyc
GeometryExtended2026D77Reco_cff.py
GeometryExtended2026D77Reco_cff.pyc
GeometryExtended2026D77_cff.py
GeometryExtended2026D77_cff.pyc
GeometryExtended2026D78Reco_cff.py
GeometryExtended2026D78Reco_cff.pyc
GeometryExtended2026D78_cff.py
GeometryExtended2026D78_cff.pyc
GeometryExtended2026D79Reco_cff.py
GeometryExtended2026D79Reco_cff.pyc
GeometryExtended2026D79_cff.py
GeometryExtended2026D79_cff.pyc
GeometryExtended2026D80Reco_cff.py
GeometryExtended2026D80Reco_cff.pyc
GeometryExtended2026D80_cff.py
GeometryExtended2026D80_cff.pyc
GeometryExtended2026D81Reco_cff.py
GeometryExtended2026D81Reco_cff.pyc
GeometryExtended2026D81_cff.py
GeometryExtended2026D81_cff.pyc
GeometryExtended2026D82Reco_cff.py
GeometryExtended2026D82Reco_cff.pyc
GeometryExtended2026D82_cff.py
GeometryExtended2026D82_cff.pyc
GeometryExtendedCastorMeasured2015dev_cff.py
GeometryExtendedCastorMeasured2015dev_cff.pyc
GeometryExtendedCastorSystMinus2015dev_cff.py
GeometryExtendedCastorSystMinus2015dev_cff.pyc
GeometryExtendedCastorSystPlus2015dev_cff.py
GeometryExtendedCastorSystPlus2015dev_cff.pyc
GeometryExtendedGFlashReco_cff.py
GeometryExtendedGFlashReco_cff.pyc
GeometryExtendedGFlash_cff.py
GeometryExtendedGFlash_cff.pyc
GeometryExtendedHFLibraryNoCastor_cff.py
GeometryExtendedHFLibraryNoCastor_cff.pyc
GeometryExtendedReco_cff.py
GeometryExtendedReco_cff.pyc
GeometryExtendedTest2014_cff.py
GeometryExtendedTest2014_cff.pyc
GeometryExtendedZeroMaterial_cff.py
GeometryExtendedZeroMaterial_cff.pyc
GeometryExtended_cff.py
GeometryExtended_cff.pyc
GeometryHCAL_cff.py
GeometryHCAL_cff.pyc
GeometryIdeal2015Reco_cff.py
GeometryIdeal2015Reco_cff.pyc
GeometryIdeal2015_cff.py
GeometryIdeal2015_cff.pyc
GeometryIdeal2015devReco_cff.py
GeometryIdeal2015devReco_cff.pyc
GeometryIdeal2015dev_cff.py
GeometryIdeal2015dev_cff.pyc
GeometryIdealAPD1_cff.py
GeometryIdealAPD1_cff.pyc
GeometryIdealGFlash_cff.py
GeometryIdealGFlash_cff.pyc
GeometryIdealNoAPD_cff.py
GeometryIdealNoAPD_cff.pyc
GeometryIdeal_cff.py
GeometryIdeal_cff.pyc
GeometryNoCastor_cff.py
GeometryNoCastor_cff.pyc
GeometryRecoDB_cff.py
GeometryRecoDB_cff.pyc
GeometryRecoECALHCAL_cff.py
GeometryRecoECALHCAL_cff.pyc
GeometryRecoHCAL_cff.py
GeometryRecoHCAL_cff.pyc
GeometryRecoTracker_cff.py
GeometryRecoTracker_cff.pyc
GeometryReco_cff.py
GeometryReco_cff.pyc
GeometrySLHCDB_cff.py
GeometrySLHCDB_cff.pyc
GeometrySLHCRecoDB_cff.py
GeometrySLHCRecoDB_cff.pyc
GeometrySLHCReco_cff.py
GeometrySLHCReco_cff.pyc
GeometrySLHCSimDB_cff.py
GeometrySLHCSimDB_cff.pyc
GeometrySLHCSimIdeal_cff.py
GeometrySLHCSimIdeal_cff.pyc
GeometrySLHC_cff.py
GeometrySLHC_cff.pyc
GeometrySimAll_cff.py
GeometrySimAll_cff.pyc
GeometrySimDB_cff.py
GeometrySimDB_cff.pyc
GeometrySimECALHCAL_cff.py
GeometrySimECALHCAL_cff.pyc
GeometrySimHCAL_cff.py
GeometrySimHCAL_cff.pyc
GeometrySimIdealGFlash_cff.py
GeometrySimIdealGFlash_cff.pyc
GeometrySimIdeal_cff.py
GeometrySimIdeal_cff.pyc
GeometrySimTracker_cff.py
GeometrySimTracker_cff.pyc
GeometryTrackerOnly_cff.py
GeometryTrackerOnly_cff.pyc
MagneticFieldGeometryDB_cff.py
MagneticFieldGeometryDB_cff.pyc
MagneticFieldGeometry_cff.py
MagneticFieldGeometry_cff.pyc
__init__.py
__init__.pyc
allGeomConfigs.log
dependencies.py
dependencies.pyc
dict2021Geometry.py
dict2021Geometry.pyc
dict2026Geometry.py
dict2026Geometry.pyc
generateGeometry.py
generateGeometry.pyc
